<?xml version="1.0" encoding="UTF-8"?>
<!-- Generated by org.testng.reporters.JUnitXMLReporter -->
<testsuite ignored="1" hostname="TEPL-THN-WS649" failures="0" tests="2" name="CrossBrowserTesting1" time="47.402" errors="0" timestamp="2025-07-23T11:08:13 IST">
  <testcase classname="LandingDashboard.LiveDashboard" name="liveDataAvalability" time="11.224"/>
  <testcase classname="LandingDashboard.ProgressBarTracking" name="progressBarTracking" time="19.464"/>
  <testcase classname="Pages.BaseTest" name="@BeforeSuite setAllureEnvironment" time="0.0">
    <ignored/>
  </testcase> <!-- @BeforeSuite setAllureEnvironment -->
</testsuite> <!-- CrossBrowserTesting1 -->
