<?xml version="1.0" encoding="UTF-8"?>
<!-- Generated by org.testng.reporters.JUnitXMLReporter -->
<testsuite ignored="4" hostname="TEPL-THN-WS649" failures="1" tests="8" name="FirefoxTest" time="129.896" errors="0" timestamp="2025-07-23T11:23:33 IST">
  <testcase classname="LoginValidation.LoginPageValidation" name="requiredValidation" time="7.911"/>
  <testcase classname="LoginValidation.LoginPageValidation" name="incorrectEmailValidation" time="4.009"/>
  <testcase classname="LoginValidation.LoginPageValidation" name="unauthorizedValidation" time="15.473"/>
  <testcase classname="LoginValidation.LoginPageValidation" name="minimumLengthPassword" time="2.741"/>
  <testcase classname="LandingDashboard.CardsandValues" name="cardsAndCounts" time="27.743"/>
  <testcase classname="LandingDashboard.DepartmentLineDetails" name="deptLineCardsDetails" time="8.106">
    <failure type="java.lang.AssertionError" message="Test failed due to: Index 3 out of bounds for length 3">
      <![CDATA[java.lang.AssertionError: Test failed due to: Index 3 out of bounds for length 3
at LandingDashboard.DepartmentLineDetails.deptLineCardsDetails(DepartmentLineDetails.java:33)
at java.base/java.util.ArrayList.forEach(ArrayList.java:1596)
Caused by: java.lang.IndexOutOfBoundsException: Index 3 out of bounds for length 3
at java.base/jdk.internal.util.Preconditions.outOfBounds(Preconditions.java:100)
at java.base/jdk.internal.util.Preconditions.outOfBoundsCheckIndex(Preconditions.java:106)
at java.base/jdk.internal.util.Preconditions.checkIndex(Preconditions.java:302)
at java.base/java.util.Objects.checkIndex(Objects.java:385)
at java.base/java.util.ArrayList.get(ArrayList.java:427)
at Pages.LandingDashboardPage.departmentAttributesWithValues(LandingDashboardPage.java:236)
at LandingDashboard.DepartmentLineDetails.deptLineCardsDetails(DepartmentLineDetails.java:29)
... 26 more
... Removed 26 stack frames]]>
    </failure>
  </testcase> <!-- deptLineCardsDetails -->
  <testcase classname="LandingDashboard.ProgressBarTracking" name="progressBarTracking" time="19.177"/>
  <testcase classname="LandingDashboard.LiveDashboard" name="liveDataAvalability" time="11.056"/>
  <testcase classname="Pages.BaseTest" name="@BeforeSuite setAllureEnvironment" time="0.0">
    <ignored/>
  </testcase> <!-- @BeforeSuite setAllureEnvironment -->
  <testcase classname="Pages.BaseTest" name="@BeforeSuite setAllureEnvironment" time="0.0">
    <ignored/>
  </testcase> <!-- @BeforeSuite setAllureEnvironment -->
  <testcase classname="Pages.BaseTest" name="@BeforeSuite setAllureEnvironment" time="0.0">
    <ignored/>
  </testcase> <!-- @BeforeSuite setAllureEnvironment -->
  <testcase classname="Pages.BaseTest" name="@BeforeSuite setAllureEnvironment" time="0.0">
    <ignored/>
  </testcase> <!-- @BeforeSuite setAllureEnvironment -->
</testsuite> <!-- FirefoxTest -->
