<?xml version="1.0" encoding="UTF-8"?>
<!-- Generated by org.testng.reporters.JUnitReportReporter -->
<testsuite hostname="TEPL-THN-WS649" failures="0" tests="2" name="LandingDashboard.LiveDashboard" time="22.373" errors="0" timestamp="2025-07-23T11:23:33 IST" skipped="0">
  <testcase classname="LandingDashboard.LiveDashboard" name="liveDataAvalability" time="11.316"/>
  <testcase classname="LandingDashboard.LiveDashboard" name="liveDataAvalability" time="11.057"/>
</testsuite> <!-- LandingDashboard.LiveDashboard -->
