<?xml version="1.0" encoding="UTF-8"?>
<!-- Generated by org.testng.reporters.JUnitReportReporter -->
<testsuite hostname="TEPL-THN-WS649" failures="0" tests="2" name="ProductivityDashboard.DataVerification" time="49.969" errors="0" timestamp="2025-08-12T18:19:45 IST" skipped="0">
  <testcase classname="ProductivityDashboard.DataVerification" name="productionDataAvailability" time="30.706"/>
  <testcase classname="ProductivityDashboard.DataVerification" name="oeeCalculation" time="19.263"/>
</testsuite> <!-- ProductivityDashboard.DataVerification -->
