<?xml version="1.0" encoding="UTF-8"?>
<!-- Generated by org.testng.reporters.JUnitReportReporter -->
<testsuite hostname="TEPL-THN-WS649" failures="0" tests="2" name="LandingDashboard.ProgressBarTracking" time="41.115" errors="0" timestamp="2025-07-23T11:23:33 IST" skipped="0">
  <testcase classname="LandingDashboard.ProgressBarTracking" name="progressBarTracking" time="21.937"/>
  <testcase classname="LandingDashboard.ProgressBarTracking" name="progressBarTracking" time="19.178"/>
</testsuite> <!-- LandingDashboard.ProgressBarTracking -->
