<?xml version="1.0" encoding="UTF-8"?>
<!-- Generated by org.testng.reporters.JUnitReportReporter -->
<testsuite hostname="TEPL-THN-WS649" failures="0" tests="8" name="LoginValidation.LoginPageValidation" time="48.719" errors="0" timestamp="2025-07-23T11:23:33 IST" skipped="0">
  <testcase classname="LoginValidation.LoginPageValidation" name="requiredValidation" time="9.244"/>
  <testcase classname="LoginValidation.LoginPageValidation" name="requiredValidation" time="7.911"/>
  <testcase classname="LoginValidation.LoginPageValidation" name="incorrectEmailValidation" time="4.009"/>
  <testcase classname="LoginValidation.LoginPageValidation" name="incorrectEmailValidation" time="0.538"/>
  <testcase classname="LoginValidation.LoginPageValidation" name="unauthorizedValidation" time="8.362"/>
  <testcase classname="LoginValidation.LoginPageValidation" name="unauthorizedValidation" time="15.473"/>
  <testcase classname="LoginValidation.LoginPageValidation" name="minimumLengthPassword" time="2.741"/>
  <testcase classname="LoginValidation.LoginPageValidation" name="minimumLengthPassword" time="0.441"/>
</testsuite> <!-- LoginValidation.LoginPageValidation -->
