<?xml version="1.0" encoding="UTF-8"?>
<!-- Generated by org.testng.reporters.JUnitReportReporter -->
<testsuite hostname="TEPL-THN-WS649" failures="0" tests="5" name="LandingDashboard.AllProductionData" time="17.368" errors="0" timestamp="2025-08-13T12:54:20 IST" skipped="0">
  <testcase classname="LandingDashboard.AllProductionData" name="productionDataAvailability" time="9.430"/>
  <testcase classname="LandingDashboard.AllProductionData" name="titleAndColumnHeaders" time="0.155"/>
  <testcase classname="LandingDashboard.AllProductionData" name="openingProductionDetails" time="0.794"/>
  <testcase classname="LandingDashboard.AllProductionData" name="calculationDetails" time="0.906"/>
  <testcase classname="LandingDashboard.AllProductionData" name="productionDataDownload" time="6.083"/>
</testsuite> <!-- LandingDashboard.AllProductionData -->
